[RQ] Init start
[RQ] device=0000021F3124E790 context=0000021F3124FF28
[RQ] backbuffer 1280x720
[RQ] d3dcompiler loaded OK
[RQ] shaders compiled OK
[RQ] Init ALL OK
[RQ] Init start
[RQ] device=00000298D5A35740 context=00000298D5A36ED8
[RQ] backbuffer 1280x720
[RQ] d3dcompiler loaded OK
[RQ] shaders compiled OK
[RQ] Init ALL OK
[RQ] Init start
[RQ] device=000001EA36FB37F0 context=000001EA36FB4B78
[RQ] backbuffer 1280x720
[RQ] d3dcompiler loaded OK
[RQ] shaders compiled OK
[RQ] Init ALL OK
[RQ] Init start
[RQ] device=00000291798D5730 context=00000291798D6EC8
[RQ] backbuffer 1280x720
[RQ] d3dcompiler loaded OK
[RQ] shaders compiled OK
[RQ] Init ALL OK
[RQ] Init start
[RQ] device=0000018A8C5E17D0 context=0000018A8C5E4F78
[RQ] backbuffer 1280x720
[RQ] d3dcompiler loaded OK
[RQ] shaders compiled OK
[RQ] Init ALL OK
[RQ] Init start
[RQ] device=00000220B8B74B40 context=00000220B8B762D8
[RQ] backbuffer 1280x720
[RQ] d3dcompiler loaded OK
[RQ] shaders compiled OK
[RQ] Init ALL OK
[RQ] Init start
[RQ] device=0000020788924440 context=0000020788925BD8
[RQ] backbuffer 1280x720
[RQ] d3dcompiler loaded OK
[RQ] shaders compiled OK
[RQ] Init ALL OK
[RQ] Init start
[RQ] device=0000020FD15D0130 context=0000020FD15D18C8
[RQ] backbuffer 1280x720
[RQ] d3dcompiler loaded OK
[RQ] shaders compiled OK
[RQ] Init ALL OK
[RQ] Init start
[RQ] device=000002184C692680 context=000002184C693E18
[RQ] backbuffer 1280x720
[RQ] d3dcompiler loaded OK
[RQ] shaders compiled OK
[RQ] Init ALL OK
[RQ] Init start
[RQ] device=00000234F0B169D0 context=00000234F0B18168
[RQ] backbuffer 1280x720
[RQ] d3dcompiler loaded OK
[RQ] shaders compiled OK
[RQ] Init ALL OK
[RQ] Init start
[RQ] device=000002D44CF61630 context=000002D44CF629B8
[RQ] backbuffer 1280x720
[RQ] d3dcompiler loaded OK
[RQ] shaders compiled OK
[RQ] Init ALL OK
[RQ] Init start
[RQ] device=000001ECC803E590 context=000001ECC803FD28
[RQ] backbuffer 1280x720
[RQ] d3dcompiler loaded OK
[RQ] shaders compiled OK
[RQ] Init ALL OK
[RQ] Init start
[RQ] device=00000196877E2790 context=00000196877F36F8
[RQ] backbuffer 1280x720
[RQ] d3dcompiler loaded OK
[RQ] shaders compiled OK
[RQ] Init ALL OK
[RQ] Init start
[RQ] device=0000023DE3E64FF0 context=0000023DE3E78108
[RQ] backbuffer 1280x720
[RQ] d3dcompiler loaded OK
[RQ] shaders compiled OK
[RQ] Init ALL OK
[RQ] Init start
[RQ] device=00000243BEFDE1A0 context=00000243BEFF7EF8
[RQ] backbuffer 1280x720
[RQ] d3dcompiler loaded OK
[RQ] shaders compiled OK
[RQ] Init ALL OK
[RQ] Init start
[RQ] device=0000017172DDA710 context=0000017172DF4CE8
[RQ] backbuffer 1280x720
[RQ] d3dcompiler loaded OK
[RQ] shaders compiled OK
[RQ] Init ALL OK
[RQ] Init start
[RQ] device=0000016FF63C36B0 context=0000016FF63C4E48
[RQ] backbuffer 1280x720
[RQ] d3dcompiler loaded OK
[RQ] shaders compiled OK
[RQ] Init ALL OK
[RQ] Init start
[RQ] device=0000020B6B9242C0 context=0000020B6B925648
[RQ] backbuffer 1280x720
[RQ] d3dcompiler loaded OK
[RQ] shaders compiled OK
[RQ] Init ALL OK
[RQ] Init start
[RQ] device=000001D07B40D2F0 context=000001D07B40E678
[RQ] backbuffer 1280x720
[RQ] d3dcompiler loaded OK
[RQ] shaders compiled OK
[RQ] Init ALL OK
[RQ] Init start
[RQ] device=000001CF57F74A10 context=000001CF57F77DA8
[RQ] backbuffer 1280x720
[RQ] d3dcompiler loaded OK
[RQ] shaders compiled OK
[RQ] Init ALL OK
[RQ] Init start
[RQ] device=000001DFE36B3D60 context=000001DFE36CFF08
[RQ] backbuffer 1280x720
[RQ] d3dcompiler loaded OK
[RQ] shaders compiled OK
[RQ] Init ALL OK
[RQ] Init start
[RQ] device=000002171E25A6B0 context=000002171E25BE48
[RQ] backbuffer 1280x720
[RQ] d3dcompiler loaded OK
[RQ] shaders compiled OK
[RQ] Init ALL OK
[RQ] Init start
[RQ] device=000001B0CCABE170 context=000001B0CCABF908
[RQ] backbuffer 1280x720
[RQ] d3dcompiler loaded OK
[RQ] shaders compiled OK
[RQ] Init ALL OK
[RQ] Init start
[RQ] device=000001D1858056A0 context=000001D185806E38
[RQ] backbuffer 1280x720
[RQ] d3dcompiler loaded OK
[RQ] shaders compiled OK
[RQ] Init ALL OK
[RQ] Init start
[RQ] device=00000204000D0310 context=00000204000D36A8
[RQ] backbuffer 1280x720
[RQ] d3dcompiler loaded OK
[RQ] shaders compiled OK
[RQ] Init ALL OK
[RQ] Init start
[RQ] device=0000024A6F9F57C0 context=0000024A6F9F6F58
[RQ] backbuffer 1280x720
[RQ] d3dcompiler loaded OK
[RQ] shaders compiled OK
[RQ] Init ALL OK
[RQ] Init start
[RQ] device=00000218170DFA20 context=00000218172F10B8
[RQ] backbuffer 1280x720
[RQ] d3dcompiler loaded OK
[RQ] shaders compiled OK
[RQ] Init ALL OK
[RQ] Init start
[RQ] device=00000231C64CC650 context=00000231C64CD9D8
[RQ] backbuffer 1280x720
[RQ] d3dcompiler loaded OK
[RQ] shaders compiled OK
[RQ] Init ALL OK
[RQ] Init start
[RQ] device=000001C8FF352EA0 context=000001C8FF358238
[RQ] backbuffer 1280x720
[RQ] d3dcompiler loaded OK
[RQ] shaders compiled OK
[RQ] Init ALL OK
[RQ] Init start
[RQ] device=0000029B1DDD1BB0 context=0000029B1DDD2F38
[RQ] backbuffer 1280x720
[RQ] d3dcompiler loaded OK
[RQ] shaders compiled OK
[RQ] Init ALL OK
[RQ] Init start
[RQ] device=00000227C0580830 context=00000227C0581FC8
[RQ] backbuffer 1280x720
[RQ] d3dcompiler loaded OK
[RQ] shaders compiled OK
[RQ] Init ALL OK
[RQ] Init start
[RQ] device=00000199DE172380 context=00000199DE173B18
[RQ] backbuffer 1280x720
[RQ] d3dcompiler loaded OK
[RQ] shaders compiled OK
[RQ] Init ALL OK
[RQ] Init start
[RQ] device=000001AE558A30B0 context=000001AE558A4438
[RQ] backbuffer 1280x720
[RQ] d3dcompiler loaded OK
[RQ] shaders compiled OK
[RQ] Init ALL OK
[RQ] Init start
[RQ] device=0000016857E20100 context=0000016857E23898
[RQ] backbuffer 1280x720
[RQ] d3dcompiler loaded OK
[RQ] shaders compiled OK
[RQ] Init ALL OK
[RQ] Init start
[RQ] device=000001F163E8B6D0 context=000001F163E8CA58
[RQ] backbuffer 1280x720
[RQ] d3dcompiler loaded OK
[RQ] shaders compiled OK
[RQ] Init ALL OK
[RQ] Init start
[RQ] device=0000025458F131E0 context=0000025458F14568
[RQ] backbuffer 1280x720
[RQ] d3dcompiler loaded OK
[RQ] shaders compiled OK
[RQ] Init ALL OK
[RQ] Init start
[RQ] device=000001232CCBF3B0 context=000001232CCC2748
[RQ] backbuffer 1280x720
[RQ] d3dcompiler loaded OK
[RQ] shaders compiled OK
[RQ] Init ALL OK
[RQ] Init start
[RQ] device=0000019AD13AED10 context=0000019AD13B0098
[RQ] backbuffer 1280x720
[RQ] d3dcompiler loaded OK
[RQ] shaders compiled OK
[RQ] Init ALL OK
[RQ] Init start
[RQ] device=0000020312822FB0 context=0000020312824748
[RQ] backbuffer 1280x720
[RQ] d3dcompiler loaded OK
[RQ] shaders compiled OK
[RQ] Init ALL OK
[RQ] Init start
[RQ] device=000002268D801CD0 context=000002268D803058
[RQ] backbuffer 1280x720
[RQ] d3dcompiler loaded OK
[RQ] shaders compiled OK
[RQ] Init ALL OK
[RQ] Init start
[RQ] device=00000195F7C7E980 context=00000195F7EA1098
[RQ] backbuffer 1280x720
[RQ] d3dcompiler loaded OK
[RQ] shaders compiled OK
[RQ] Init ALL OK
[RQ] Init start
[RQ] device=0000022F227A83F0 context=0000022F227A9B88
[RQ] backbuffer 1280x720
[RQ] d3dcompiler loaded OK
[RQ] shaders compiled OK
[RQ] Init ALL OK
[RQ] Init start
[RQ] device=00000241F2F55860 context=00000241F2F59008
[RQ] backbuffer 1280x720
[RQ] d3dcompiler loaded OK
[RQ] shaders compiled OK
[RQ] Init ALL OK
[RQ] Init start
[RQ] device=000001576BB6A220 context=000001576BB6B9B8
[RQ] backbuffer 1280x720
[RQ] d3dcompiler loaded OK
[RQ] shaders compiled OK
[RQ] Init ALL OK
[RQ] Init start
[RQ] device=000002354CB86480 context=000002354CB87C18
[RQ] backbuffer 1280x720
[RQ] d3dcompiler loaded OK
[RQ] shaders compiled OK
[RQ] Init ALL OK
[RQ] Init start
[RQ] device=0000021257162950 context=0000021257169CF8
[RQ] backbuffer 1280x720
[RQ] d3dcompiler loaded OK
[RQ] shaders compiled OK
[RQ] Init ALL OK
[RQ] Init start
[RQ] device=000001B58D047000 context=000001B58D048388
[RQ] backbuffer 1280x720
[RQ] d3dcompiler loaded OK
[RQ] shaders compiled OK
[RQ] Init ALL OK
[RQ] Init start
[RQ] device=00000236364D6710 context=00000236364D7A98
[RQ] backbuffer 1280x720
[RQ] d3dcompiler loaded OK
[RQ] shaders compiled OK
[RQ] Init ALL OK
[RQ] Init start
[RQ] device=00000194D0253820 context=00000194D0254FB8
[RQ] backbuffer 1280x720
[RQ] d3dcompiler loaded OK
[RQ] shaders compiled OK
[RQ] Init ALL OK
[RQ] Init start
[RQ] device=0000028B008D22A0 context=0000028B008D3A38
[RQ] backbuffer 1280x720
[RQ] d3dcompiler loaded OK
[RQ] shaders compiled OK
[RQ] Init ALL OK
[RQ] Init start
[RQ] device=000002C2226C0A90 context=000002C2226C1E18
[RQ] backbuffer 1280x720
[RQ] d3dcompiler loaded OK
[RQ] shaders compiled OK
[RQ] Init ALL OK
[RQ] Init start
[RQ] device=000001F22C0A1360 context=000001F22C0A2AF8
[RQ] backbuffer 1280x720
[RQ] d3dcompiler loaded OK
[RQ] shaders compiled OK
[RQ] Init ALL OK
[RQ] Init start
[RQ] device=000001899E8AF1C0 context=000001899E8B0958
[RQ] backbuffer 1280x720
[RQ] d3dcompiler loaded OK
[RQ] shaders compiled OK
[RQ] Init ALL OK
[RQ] Init start
[RQ] device=0000014FA88A27E0 context=0000014FA88A3F78
[RQ] backbuffer 1280x720
[RQ] d3dcompiler loaded OK
[RQ] shaders compiled OK
[RQ] Init ALL OK
[RQ] Init start
[RQ] device=0000016DF9322FD0 context=0000016DF9324358
[RQ] backbuffer 1280x720
[RQ] d3dcompiler loaded OK
[RQ] shaders compiled OK
[RQ] Init ALL OK
[RQ] Init start
[RQ] device=0000014D79CDBE40 context=0000014D79CDD5D8
[RQ] backbuffer 1280x720
[RQ] d3dcompiler loaded OK
[RQ] shaders compiled OK
[RQ] Init ALL OK
[RQ] Init start
[RQ] device=0000022DED879860 context=0000022DED88CAC8
[RQ] backbuffer 1280x720
[RQ] d3dcompiler loaded OK
[RQ] shaders compiled OK
[RQ] Init ALL OK
[RQ] Init start
[RQ] device=00000213513C37B0 context=00000213513C8B48
[RQ] backbuffer 1280x720
[RQ] d3dcompiler loaded OK
[RQ] shaders compiled OK
[RQ] Init ALL OK
[RQ] Init start
[RQ] device=000001AAA96F5790 context=000001AAA96F6F28
[RQ] backbuffer 1280x720
[RQ] d3dcompiler loaded OK
[RQ] shaders compiled OK
[RQ] Init ALL OK
[RQ] Init start
[RQ] device=000002DECC900BF0 context=000002DECC913B28
[RQ] backbuffer 1280x720
[RQ] d3dcompiler loaded OK
[RQ] shaders compiled OK
[RQ] Init ALL OK
